<?xml version="1.0" encoding="UTF-8"?>
<!-- Generated by org.testng.reporters.JUnitReportReporter -->
<testsuite hostname="LIN73001710" failures="0" tests="1" name="basics.RestBasics" time="2.805" errors="0" timestamp="2023-06-16T13:17:28 IST" skipped="0">
  <testcase classname="basics.RestBasics" name="runTestUsingExternalFilePayload" time="2.805"/>
  <system-out/>
</testsuite> <!-- basics.RestBasics -->
