<?xml version="1.0" encoding="UTF-8"?>
<!-- Generated by org.testng.reporters.JUnitReportReporter -->
<testsuite hostname="LIN73001710" failures="0" tests="5" name="basics.DynamicJson" time="3.457" errors="0" timestamp="2023-06-15T20:18:11 IST" skipped="0">
  <testcase classname="basics.DynamicJson" name="addBook" time="2.522"/>
  <system-out/>
  <testcase classname="basics.DynamicJson" name="addBook" time="0.213"/>
  <system-out/>
  <testcase classname="basics.DynamicJson" name="addBook" time="0.245"/>
  <system-out/>
  <testcase classname="basics.DynamicJson" name="addBook" time="0.216"/>
  <system-out/>
  <testcase classname="basics.DynamicJson" name="addBook" time="0.261"/>
  <system-out/>
</testsuite> <!-- basics.DynamicJson -->
