<?xml version="1.0" encoding="UTF-8"?>
<!-- Generated by org.testng.reporters.JUnitReportReporter -->
<testsuite hostname="LIN73001710" failures="0" tests="1" name="basics.SumValidations" time="1.536" errors="0" timestamp="2023-06-15T12:42:09 IST" skipped="0">
  <testcase classname="basics.SumValidations" name="sumofCourses" time="1.536"/>
  <system-out/>
</testsuite> <!-- basics.SumValidations -->
